2019-03-10 19:43:43,433 desired_caps.py[line:32] INFO start app...
2019-03-10 20:03:23,687 desired_caps.py[line:32] INFO start app...
2019-03-10 20:27:02,213 desired_caps.py[line:32] INFO start app...
2019-03-10 20:27:08,324 common_fun.py[line:13] INFO ============loginRegisterBtn===============
2019-03-10 20:27:12,265 common_fun.py[line:18] INFO loginRegisterBtn element is not found!
2019-03-10 20:27:12,265 common_fun.py[line:24] INFO ==========check_loginBtn===========
2019-03-10 20:27:12,335 common_fun.py[line:28] INFO loginBtn element is not found!
2019-03-10 20:27:54,951 desired_caps.py[line:32] INFO start app...
2019-03-10 20:28:03,126 common_fun.py[line:13] INFO ============loginRegisterBtn===============
2019-03-10 20:28:05,608 common_fun.py[line:18] INFO loginRegisterBtn element is not found!
2019-03-10 20:28:05,608 common_fun.py[line:24] INFO ==========check_loginBtn===========
2019-03-10 20:28:05,695 common_fun.py[line:28] INFO loginBtn element is not found!
2019-03-10 20:29:25,064 desired_caps.py[line:48] INFO check loginBtn
2019-03-10 20:29:45,576 desired_caps.py[line:46] INFO check loginBtn
2019-03-10 20:33:13,869 desired_caps.py[line:31] INFO start app...
2019-03-10 20:33:22,203 common_fun.py[line:13] INFO ============loginRegisterBtn===============
2019-03-10 20:33:25,899 common_fun.py[line:18] INFO loginRegisterBtn element is not found!
2019-03-10 20:33:25,899 common_fun.py[line:24] INFO ==========check_loginBtn===========
2019-03-10 20:33:26,024 common_fun.py[line:28] INFO loginBtn element is not found!
2019-03-10 20:34:12,161 desired_caps.py[line:31] INFO start app...
2019-03-10 20:34:20,433 common_fun.py[line:13] INFO ============loginRegisterBtn===============
2019-03-10 20:34:23,179 common_fun.py[line:18] INFO loginRegisterBtn element is not found!
2019-03-10 20:34:23,179 common_fun.py[line:24] INFO ==========check_loginBtn===========
2019-03-10 20:34:23,309 common_fun.py[line:28] INFO loginBtn element is not found!
2019-03-10 20:35:19,023 desired_caps.py[line:31] INFO start app...
2019-03-10 20:35:26,900 common_fun.py[line:13] INFO ============loginRegisterBtn===============
2019-03-10 20:35:29,425 common_fun.py[line:20] INFO click loginRegisterBtn
2019-03-10 20:35:29,889 common_fun.py[line:24] INFO ==========check_loginBtn===========
2019-03-10 20:35:30,278 common_fun.py[line:28] INFO loginBtn element is not found!
2019-03-10 20:42:22,426 desired_caps.py[line:31] INFO start app...
2019-03-10 20:43:07,732 desired_caps.py[line:31] INFO start app...
2019-03-10 20:44:21,597 desired_caps.py[line:31] INFO start app...
2019-03-10 20:49:43,299 desired_caps.py[line:31] INFO start app...
2019-03-10 20:49:49,395 common_fun.py[line:24] INFO ==========check_loginBtn===========
2019-03-10 20:49:51,727 common_fun.py[line:28] INFO loginBtn element is not found!
2019-03-10 20:49:51,727 common_fun.py[line:13] INFO ============loginRegisterBtn===============
2019-03-10 20:49:51,746 common_fun.py[line:20] INFO click loginRegisterBtn
2019-03-10 20:52:03,744 desired_caps.py[line:31] INFO start app...
2019-03-10 20:52:11,770 common_fun.py[line:25] INFO ==========check_loginBtn===========
2019-03-10 20:52:12,660 common_fun.py[line:29] INFO loginBtn element is not found!
2019-03-10 20:52:12,661 common_fun.py[line:14] INFO ============loginRegisterBtn===============
2019-03-10 20:52:12,718 common_fun.py[line:21] INFO click loginRegisterBtn
